<?xml version="1.0" encoding="UTF-8"?>
<!-- Repository and Service Layers-->

<beans xmlns="http://www.springframework.org/schema/beans"
       xmlns:xsi="http://www.w3.org/2001/XMLSchema-instance"
       xmlns:jpa="http://www.springframework.org/schema/data/jpa"
       xmlns:tx="http://www.springframework.org/schema/tx"
       xmlns:jd="http://www.springframework.org/schema/jdbc"
       xsi:schemaLocation="
       http://www.springframework.org/schema/beans http://www.springframework.org/schema/beans/spring-beans.xsd
       http://www.springframework.org/schema/tx http://www.springframework.org/schema/tx/spring-tx.xsd
       http://www.springframework.org/schema/jdbc http://www.springframework.org/schema/jdbc/spring-jdbc-3.0.xsd
       http://www.springframework.org/schema/data/jpa http://www.springframework.org/schema/data/jpa/spring-jpa.xsd ">

    <jd:embedded-database id="dataSource" type="HSQL">
        <jd:script location="classpath:fims_schema.sql"/>
    </jd:embedded-database>

    <bean id="jpaVendorAdapter" class="org.springframework.orm.jpa.vendor.HibernateJpaVendorAdapter">
    </bean>

    <bean id="entityManagerFactory" class="org.springframework.orm.jpa.LocalContainerEntityManagerFactoryBean">
        <property name="dataSource" ref="dataSource"/>
        <property name="jpaVendorAdapter" ref="jpaVendorAdapter"/>
        <property name="packagesToScan" value="biocode.fims.entities"/>
        <property name="mappingResources" value="sql-results-mappings.xml, named-queries.xml"/>
        <property name="jpaProperties">
            <props>
                <prop key="hibernate.show_sql">false</prop>
                <prop key="hibernate.format_sql">true</prop>
                <prop key="hibernate.id.new_generator_mappings">true</prop>
                <prop key="hibernate.max_fetch_depth">3</prop>
            </props>
        </property>
    </bean>

    <!-- Enables the Hibernate @Transactional programming model -->
    <tx:annotation-driven transaction-manager="transactionManager" />

    <bean id="transactionManager" class="org.springframework.orm.jpa.JpaTransactionManager">
        <property name="entityManagerFactory" ref="entityManagerFactory"/>
        <qualifier value="transactionManager"/>
    </bean>

    <bean id="persistenceExceptionTranslationPostProcessor" class="org.springframework.dao.annotation.PersistenceExceptionTranslationPostProcessor"/>

    <jpa:repositories base-package="biocode.fims.repositories" />
</beans>
